{"name": "test_menu_navigation[about_page]", "status": "failed", "statusDetails": {"message": "AssertionError: navigation to 'about_page' failed\nassert 'about.html' in 'https://saucelabs.com/error/404'\n +  where 'https://saucelabs.com/error/404' = <selenium.webdriver.chrome.webdriver.WebDriver (session=\"af43526b61f5e396c8f46e3650297ff7\")>.current_url", "trace": "browser = <selenium.webdriver.chrome.webdriver.WebDriver (session=\"af43526b61f5e396c8f46e3650297ff7\")>, menu_item = 'about_page'\n\n    @pytest.mark.parametrize(\"menu_item\", [\n      \"about_page\",\n    ])\n    \n    def test_menu_navigation(browser, menu_item):\n      navigation = Navigation(browser)\n      navigation.open_menu()\n      navigation.open_menu_item(menu_item)\n>     assert \"about.html\" in browser.current_url, f\"navigation to '{menu_item}' failed\"\nE     AssertionError: navigation to 'about_page' failed\nE     assert 'about.html' in 'https://saucelabs.com/error/404'\nE      +  where 'https://saucelabs.com/error/404' = <selenium.webdriver.chrome.webdriver.WebDriver (session=\"af43526b61f5e396c8f46e3650297ff7\")>.current_url\n\ntest_script_pytest.py:100: AssertionError"}, "attachments": [{"name": "log", "source": "69648f6a-42db-4faf-bfd0-9aba7e9e413a-attachment.txt", "type": "text/plain"}], "parameters": [{"name": "menu_item", "value": "'about_page'"}], "start": 1734799541999, "stop": 1734799544160, "uuid": "b039359d-fd3e-4aa0-8ff5-c8aa0b562397", "historyId": "af9f9719c1877f56c0dca824d78b67bf", "testCaseId": "521ea3fa6d163d51928154565085049b", "fullName": "test_script_pytest#test_menu_navigation", "labels": [{"name": "suite", "value": "test_script_pytest"}, {"name": "host", "value": "Tomas-MacBook-Air-2.local"}, {"name": "thread", "value": "52060-MainThread"}, {"name": "framework", "value": "pytest"}, {"name": "language", "value": "cpython3"}, {"name": "package", "value": "test_script_pytest"}]}