{"name": "test_login_and_about_page[problem_user-secret_sauce]", "status": "failed", "statusDetails": {"message": "AssertionError: navigation to about page failed\nassert '404 Not Found' not in '<html lang=...rame></html>'\n  \n  '404 Not Found' is contained here:\n  ?           -------------------------------------------             ^^^^^^^^^^^^^^^^^^^^^^^^^^\n    h\"><title>404 Not Found</title><meta property=\"og:title\" content=\"404 Not Found\"><meta name=\"description\" content=\"Page to be rendered when a URL is not found.\"><meta property=\"og:description\" content=\"Page to be rendered when a URL is not found.\"><meta name=\"next-head-count\" content=\"6\"><script type=\"text/javascript\" async=\"\" src=\"//munchkin.marketo.net/163/munchkin.js\"></script><script async=\"\" src=\"https://snap.licdn.com/li.lms-analytics/insight.old.mi...\n  \n  ...Full output truncated (306 lines hidden), use '-vv' to show", "trace": "browser = <selenium.webdriver.chrome.webdriver.WebDriver (session=\"f80e587b84c7a458c0b7af9a5f18c330\")>, username = 'problem_user'\npassword = 'secret_sauce'\n\n    @pytest.mark.parametrize(\"username, password\", [\n     (\"standard_user\", \"secret_sauce\"),\n     (\"problem_user\", \"secret_sauce\"),\n     (\"error_user\", \"secret_sauce\"),\n    ])\n    \n    def test_login_and_about_page(browser, username, password):\n     login_page = LoginPage(browser)\n     login_page.perform_login(username, password)\n     assert \"inventory.html\" in browser.current_url, f\"login failed for '{username}'\"\n    \n     navigation = NavigationPage(browser)\n     navigation.open_menu()\n     navigation.open_about_page()\n>    assert \"404 Not Found\" not in browser.page_source, \"navigation to about page failed\"\nE    AssertionError: navigation to about page failed\nE    assert '404 Not Found' not in '<html lang=...rame></html>'\nE      \nE      '404 Not Found' is contained here:\nE      ?           -------------------------------------------             ^^^^^^^^^^^^^^^^^^^^^^^^^^\nE        h\"><title>404 Not Found</title><meta property=\"og:title\" content=\"404 Not Found\"><meta name=\"description\" content=\"Page to be rendered when a URL is not found.\"><meta property=\"og:description\" content=\"Page to be rendered when a URL is not found.\"><meta name=\"next-head-count\" content=\"6\"><script type=\"text/javascript\" async=\"\" src=\"//munchkin.marketo.net/163/munchkin.js\"></script><script async=\"\" src=\"https://snap.licdn.com/li.lms-analytics/insight.old.mi...\nE      \nE      ...Full output truncated (306 lines hidden), use '-vv' to show\n\ntest_cases_9.py:32: AssertionError"}, "attachments": [{"name": "log", "source": "75d5827b-dd08-4fcb-a21e-cb6c944a1d43-attachment.txt", "type": "text/plain"}], "parameters": [{"name": "username", "value": "'problem_user'"}, {"name": "password", "value": "'secret_sauce'"}], "start": 1734873711365, "stop": 1734873713222, "uuid": "c38df8ae-2bf2-48c6-b55f-f87fa76bf8ec", "historyId": "e03bc3d26ba888c230dc428c88a8393d", "testCaseId": "c732d571602ddf787fb247dbb5a5fdd8", "fullName": "test_cases_9#test_login_and_about_page", "labels": [{"name": "suite", "value": "test_cases_9"}, {"name": "host", "value": "Tomas-MacBook-Air-2.local"}, {"name": "thread", "value": "78756-MainThread"}, {"name": "framework", "value": "pytest"}, {"name": "language", "value": "cpython3"}, {"name": "package", "value": "test_cases_9"}]}